[debug] [2023-03-14T05:16:01.174Z] ----------------------------------------------------------------------
[debug] [2023-03-14T05:16:01.176Z] Command:       C:\Program Files\nodejs\node.exe C:\Users\user\AppData\Roaming\npm\node_modules\firebase-tools\lib\bin\firebase.js init
[debug] [2023-03-14T05:16:01.177Z] CLI Version:   11.24.1
[debug] [2023-03-14T05:16:01.177Z] Platform:      win32
[debug] [2023-03-14T05:16:01.178Z] Node Version:  v18.12.1
[debug] [2023-03-14T05:16:01.179Z] Time:          Tue Mar 14 2023 10:46:01 GMT+0530 (India Standard Time)
[debug] [2023-03-14T05:16:01.179Z] ----------------------------------------------------------------------
[debug] 
[debug] [2023-03-14T05:16:01.185Z] >>> [apiv2][query] GET https://firebase-public.firebaseio.com/cli.json [none]
[debug] [2023-03-14T05:16:01.255Z] > command requires scopes: ["email","openid","https://www.googleapis.com/auth/cloudplatformprojects.readonly","https://www.googleapis.com/auth/firebase","https://www.googleapis.com/auth/cloud-platform"]
[debug] [2023-03-14T05:16:01.255Z] > authorizing via signed-in user (puneethkumargajjela@gmail.com)
[info] 
     ######## #### ########  ######## ########     ###     ######  ########
     ##        ##  ##     ## ##       ##     ##  ##   ##  ##       ##
     ######    ##  ########  ######   ########  #########  ######  ######
     ##        ##  ##    ##  ##       ##     ## ##     ##       ## ##
     ##       #### ##     ## ######## ########  ##     ##  ######  ########

You're about to initialize a Firebase project in this directory:

  C:\italent\otp-login

Before we get started, keep in mind:

  * You are currently outside your home directory

[debug] [2023-03-14T05:16:01.952Z] <<< [apiv2][status] GET https://firebase-public.firebaseio.com/cli.json 200
[debug] [2023-03-14T05:16:01.953Z] <<< [apiv2][body] GET https://firebase-public.firebaseio.com/cli.json {"cloudBuildErrorAfter":1594252800000,"cloudBuildWarnAfter":1590019200000,"defaultNode10After":1594252800000,"minVersion":"3.0.5","node8DeploysDisabledAfter":1613390400000,"node8RuntimeDisabledAfter":1615809600000,"node8WarnAfter":1600128000000}
